[1/10] cl /c /Zp8 /GR /W3 /EHs /nologo /MD /D_CRT_SECURE_NO_DEPRECATE /D_SCL_SECURE_NO_DEPRECATE /D_SECURE_SCL=0   /DMATLAB_MEX_FILE  /DMATLAB_MEX_FILE /O2 /Oy- /DNDEBUG /fp:strict /utf-8 /I "." /I "F:\Archive å½’æ¡£\0324jt" /I ".\interface" /I "F:\MATLAB\R2025b\extern\include" /I "." -DMODEL=calc_aa_0318_mex   calc_aa_0318_data.c /Fobuild\win64\calc_aa_0318_data.obj
calc_aa_0318_data.c
[2/10] cl /c /Zp8 /GR /W3 /EHs /nologo /MD /D_CRT_SECURE_NO_DEPRECATE /D_SCL_SECURE_NO_DEPRECATE /D_SECURE_SCL=0   /DMATLAB_MEX_FILE  /DMATLAB_MEX_FILE /O2 /Oy- /DNDEBUG /fp:strict /utf-8 /I "." /I "F:\Archive å½’æ¡£\0324jt" /I ".\interface" /I "F:\MATLAB\R2025b\extern\include" /I "." -DMODEL=calc_aa_0318_mex   rt_nonfinite.c /Fobuild\win64\rt_nonfinite.obj
rt_nonfinite.c
[3/10] cl /c /Zp8 /GR /W3 /EHs /nologo /MD /D_CRT_SECURE_NO_DEPRECATE /D_SCL_SECURE_NO_DEPRECATE /D_SECURE_SCL=0   /DMATLAB_MEX_FILE  /DMATLAB_MEX_FILE /O2 /Oy- /DNDEBUG /fp:strict /utf-8 /I "." /I "F:\Archive å½’æ¡£\0324jt" /I ".\interface" /I "F:\MATLAB\R2025b\extern\include" /I "." -DMODEL=calc_aa_0318_mex   F:\MATLAB\R2025b\extern\version\c_mexapi_version.c /Fobuild\win64\c_mexapi_version.obj
c_mexapi_version.c
[4/10] cl /c /Zp8 /GR /W3 /EHs /nologo /MD /D_CRT_SECURE_NO_DEPRECATE /D_SCL_SECURE_NO_DEPRECATE /D_SECURE_SCL=0   /DMATLAB_MEX_FILE  /DMATLAB_MEX_FILE /O2 /Oy- /DNDEBUG /fp:strict /utf-8 /I "." /I "F:\Archive å½’æ¡£\0324jt" /I ".\interface" /I "F:\MATLAB\R2025b\extern\include" /I "." -DMODEL=calc_aa_0318_mex   interface\_coder_calc_aa_0318_mex.c /Fobuild\win64\_coder_calc_aa_0318_mex.obj
_coder_calc_aa_0318_mex.c
[5/10] cl /c /Zp8 /GR /W3 /EHs /nologo /MD /D_CRT_SECURE_NO_DEPRECATE /D_SCL_SECURE_NO_DEPRECATE /D_SECURE_SCL=0   /DMATLAB_MEX_FILE  /DMATLAB_MEX_FILE /O2 /Oy- /DNDEBUG /fp:strict /utf-8 /I "." /I "F:\Archive å½’æ¡£\0324jt" /I ".\interface" /I "F:\MATLAB\R2025b\extern\include" /I "." -DMODEL=calc_aa_0318_mex   calc_aa_0318_initialize.c /Fobuild\win64\calc_aa_0318_initialize.obj
calc_aa_0318_initialize.c
[6/10] cl /c /Zp8 /GR /W3 /EHs /nologo /MD /D_CRT_SECURE_NO_DEPRECATE /D_SCL_SECURE_NO_DEPRECATE /D_SECURE_SCL=0   /DMATLAB_MEX_FILE  /DMATLAB_MEX_FILE /O2 /Oy- /DNDEBUG /fp:strict /utf-8 /I "." /I "F:\Archive å½’æ¡£\0324jt" /I ".\interface" /I "F:\MATLAB\R2025b\extern\include" /I "." -DMODEL=calc_aa_0318_mex   calc_aa_0318_terminate.c /Fobuild\win64\calc_aa_0318_terminate.obj
calc_aa_0318_terminate.c
[7/10] cl /c /Zp8 /GR /W3 /EHs /nologo /MD /D_CRT_SECURE_NO_DEPRECATE /D_SCL_SECURE_NO_DEPRECATE /D_SECURE_SCL=0   /DMATLAB_MEX_FILE  /DMATLAB_MEX_FILE /O2 /Oy- /DNDEBUG /fp:strict /utf-8 /I "." /I "F:\Archive å½’æ¡£\0324jt" /I ".\interface" /I "F:\MATLAB\R2025b\extern\include" /I "." -DMODEL=calc_aa_0318_mex   interface\_coder_calc_aa_0318_info.c /Fobuild\win64\_coder_calc_aa_0318_info.obj
_coder_calc_aa_0318_info.c
[8/10] cl /c /Zp8 /GR /W3 /EHs /nologo /MD /D_CRT_SECURE_NO_DEPRECATE /D_SCL_SECURE_NO_DEPRECATE /D_SECURE_SCL=0   /DMATLAB_MEX_FILE  /DMATLAB_MEX_FILE /O2 /Oy- /DNDEBUG /fp:strict /utf-8 /I "." /I "F:\Archive å½’æ¡£\0324jt" /I ".\interface" /I "F:\MATLAB\R2025b\extern\include" /I "." -DMODEL=calc_aa_0318_mex   interface\_coder_calc_aa_0318_api.c /Fobuild\win64\_coder_calc_aa_0318_api.obj
_coder_calc_aa_0318_api.c
[9/10] cl /c /Zp8 /GR /W3 /EHs /nologo /MD /D_CRT_SECURE_NO_DEPRECATE /D_SCL_SECURE_NO_DEPRECATE /D_SECURE_SCL=0   /DMATLAB_MEX_FILE  /DMATLAB_MEX_FILE /O2 /Oy- /DNDEBUG /fp:strict /utf-8 /I "." /I "F:\Archive å½’æ¡£\0324jt" /I ".\interface" /I "F:\MATLAB\R2025b\extern\include" /I "." -DMODEL=calc_aa_0318_mex   calc_aa_0318.c /Fobuild\win64\calc_aa_0318.obj
calc_aa_0318.c
[10/10] link @calc_aa_0318_mex.mexw64.rsp  /nologo /manifest   /DLL /LIBPATH:"F:\MATLAB\R2025b\extern\lib\win64\microsoft" libmx.lib libmex.lib libmat.lib kernel32.lib user32.lib gdi32.lib winspool.lib comdlg32.lib advapi32.lib shell32.lib ole32.lib oleaut32.lib uuid.lib odbc32.lib odbccp32.lib  /out:"calc_aa_0318_mex.mexw64" libemlrt.lib libcovrt.lib libut.lib libmwmathutil.lib  /export:mexFunction /export:mexfilerequiredapiversion /export:emlrtMexFcnProperties /export:calc_aa_0318 /export:calc_aa_0318_initialize /export:calc_aa_0318_terminate /export:calc_aa_0318_atexit
  ÕýÔÚ´´½¨¿â calc_aa_0318_mex.lib ºÍ¶ÔÏó calc_aa_0318_mex.exp
